E:\PROJECTS\LC_AHRS\MADGWICKAHRS_IMPL\MADGWICKAHRS_IMPL\DEBUG\AHRS.OBJ
E:\PROJECTS\LC_AHRS\MADGWICKAHRS_IMPL\MADGWICKAHRS_IMPL\DEBUG\GKEARHS.OBJ
E:\PROJECTS\LC_AHRS\MADGWICKAHRS_IMPL\MADGWICKAHRS_IMPL\DEBUG\MADGWICKAHRS.OBJ
E:\PROJECTS\LC_AHRS\MADGWICKAHRS_IMPL\MADGWICKAHRS_IMPL\DEBUG\MADGWICK_INTERNAL_REPORT.OBJ
E:\PROJECTS\LC_AHRS\MADGWICKAHRS_IMPL\MADGWICKAHRS_IMPL\DEBUG\VC110.PDB
E:\PROJECTS\LC_AHRS\MADGWICKAHRS_IMPL\DEBUG\MADGWICKAHRS_IMPL.ILK
E:\PROJECTS\LC_AHRS\MADGWICKAHRS_IMPL\DEBUG\MADGWICKAHRS_IMPL.EXE
E:\PROJECTS\LC_AHRS\MADGWICKAHRS_IMPL\DEBUG\MADGWICKAHRS_IMPL.PDB
E:\projects\LC_AHRS\MadgwickAHRS_Impl\MadgwickAHRS_Impl\Debug\AHRS.obj
E:\projects\LC_AHRS\MadgwickAHRS_Impl\MadgwickAHRS_Impl\Debug\GKEARHS.obj
E:\projects\LC_AHRS\MadgwickAHRS_Impl\MadgwickAHRS_Impl\Debug\MadgwickAHRS.obj
E:\projects\LC_AHRS\MadgwickAHRS_Impl\MadgwickAHRS_Impl\Debug\madgwick_internal_report.obj
E:\projects\LC_AHRS\MadgwickAHRS_Impl\MadgwickAHRS_Impl\Debug\cl.command.1.tlog
E:\projects\LC_AHRS\MadgwickAHRS_Impl\MadgwickAHRS_Impl\Debug\CL.read.1.tlog
E:\projects\LC_AHRS\MadgwickAHRS_Impl\MadgwickAHRS_Impl\Debug\CL.write.1.tlog
E:\projects\LC_AHRS\MadgwickAHRS_Impl\MadgwickAHRS_Impl\Debug\link-cvtres.read.1.tlog
E:\projects\LC_AHRS\MadgwickAHRS_Impl\MadgwickAHRS_Impl\Debug\link-cvtres.write.1.tlog
E:\projects\LC_AHRS\MadgwickAHRS_Impl\MadgwickAHRS_Impl\Debug\link-rc.read.1.tlog
E:\projects\LC_AHRS\MadgwickAHRS_Impl\MadgwickAHRS_Impl\Debug\link-rc.write.1.tlog
E:\projects\LC_AHRS\MadgwickAHRS_Impl\MadgwickAHRS_Impl\Debug\link.command.1.tlog
E:\projects\LC_AHRS\MadgwickAHRS_Impl\MadgwickAHRS_Impl\Debug\link.read.1.tlog
E:\projects\LC_AHRS\MadgwickAHRS_Impl\MadgwickAHRS_Impl\Debug\link.write.1.tlog
E:\projects\LC_AHRS\MadgwickAHRS_Impl\MadgwickAHRS_Impl\Debug\vc110.idb
E:\projects\LC_AHRS\MadgwickAHRS_Impl\MadgwickAHRS_Impl\Debug\vc110.pdb
E:\projects\LC_AHRS\MadgwickAHRS_Impl\Debug\MadgwickAHRS_Impl.pdb
E:\projects\LC_AHRS\MadgwickAHRS_Impl\Debug\MadgwickAHRS_Impl.exe
E:\projects\LC_AHRS\MadgwickAHRS_Impl\Debug\MadgwickAHRS_Impl.ilk
