生成启动时间为 2018/2/24 16:22:56。
     1>项目“E:\projects\LC_AHRS\MadgwickAHRS_Impl\MadgwickAHRS_Impl\MadgwickAHRS_Impl.vcxproj”在节点 2 上(Rebuild 个目标)。
     1>ClCompile:
         C:\Program Files\Microsoft Visual Studio 11.0\VC\bin\CL.exe /c /ZI /nologo /W3 /WX- /Od /Oy- /D _MBCS /Gm /EHsc /RTC1 /MDd /GS /fp:precise /Zc:wchar_t /Zc:forScope /Fo"Debug\\" /Fd"Debug\vc110.pdb" /Gd /TP /analyze- /errorReport:prompt AHRS.cpp GKEARHS.cpp MadgwickAHRS.cpp madgwick_internal_report.cpp
         madgwick_internal_report.cpp
     1>e:\projects\lc_ahrs\madgwickahrs_impl\madgwickahrs_impl\madgwick_internal_report.cpp(117): warning C4244: “+=”: 从“double”转换到“float”，可能丢失数据
     1>e:\projects\lc_ahrs\madgwickahrs_impl\madgwickahrs_impl\madgwick_internal_report.cpp(118): warning C4244: “+=”: 从“double”转换到“float”，可能丢失数据
     1>e:\projects\lc_ahrs\madgwickahrs_impl\madgwickahrs_impl\madgwick_internal_report.cpp(119): warning C4244: “+=”: 从“double”转换到“float”，可能丢失数据
     1>e:\projects\lc_ahrs\madgwickahrs_impl\madgwickahrs_impl\madgwick_internal_report.cpp(129): warning C4244: “+=”: 从“double”转换到“float”，可能丢失数据
     1>e:\projects\lc_ahrs\madgwickahrs_impl\madgwickahrs_impl\madgwick_internal_report.cpp(130): warning C4244: “+=”: 从“double”转换到“float”，可能丢失数据
     1>e:\projects\lc_ahrs\madgwickahrs_impl\madgwickahrs_impl\madgwick_internal_report.cpp(131): warning C4244: “+=”: 从“double”转换到“float”，可能丢失数据
     1>e:\projects\lc_ahrs\madgwickahrs_impl\madgwickahrs_impl\madgwick_internal_report.cpp(132): warning C4244: “+=”: 从“double”转换到“float”，可能丢失数据
         MadgwickAHRS.cpp
         GKEARHS.cpp
     1>e:\projects\lc_ahrs\madgwickahrs_impl\madgwickahrs_impl\gkearhs.cpp(56): warning C4244: “=”: 从“double”转换到“float”，可能丢失数据
     1>e:\projects\lc_ahrs\madgwickahrs_impl\madgwickahrs_impl\gkearhs.cpp(60): warning C4244: “=”: 从“double”转换到“float”，可能丢失数据
     1>e:\projects\lc_ahrs\madgwickahrs_impl\madgwickahrs_impl\gkearhs.cpp(61): warning C4244: “=”: 从“double”转换到“float”，可能丢失数据
     1>e:\projects\lc_ahrs\madgwickahrs_impl\madgwickahrs_impl\gkearhs.cpp(62): warning C4244: “=”: 从“double”转换到“float”，可能丢失数据
     1>e:\projects\lc_ahrs\madgwickahrs_impl\madgwickahrs_impl\gkearhs.cpp(65): warning C4244: “=”: 从“double”转换到“float”，可能丢失数据
     1>e:\projects\lc_ahrs\madgwickahrs_impl\madgwickahrs_impl\gkearhs.cpp(66): warning C4244: “=”: 从“double”转换到“float”，可能丢失数据
     1>e:\projects\lc_ahrs\madgwickahrs_impl\madgwickahrs_impl\gkearhs.cpp(67): warning C4244: “=”: 从“double”转换到“float”，可能丢失数据
     1>e:\projects\lc_ahrs\madgwickahrs_impl\madgwickahrs_impl\gkearhs.cpp(68): warning C4244: “=”: 从“double”转换到“float”，可能丢失数据
     1>e:\projects\lc_ahrs\madgwickahrs_impl\madgwickahrs_impl\gkearhs.cpp(69): warning C4244: “=”: 从“double”转换到“float”，可能丢失数据
     1>e:\projects\lc_ahrs\madgwickahrs_impl\madgwickahrs_impl\gkearhs.cpp(72): warning C4244: “=”: 从“double”转换到“float”，可能丢失数据
     1>e:\projects\lc_ahrs\madgwickahrs_impl\madgwickahrs_impl\gkearhs.cpp(73): warning C4244: “=”: 从“double”转换到“float”，可能丢失数据
     1>e:\projects\lc_ahrs\madgwickahrs_impl\madgwickahrs_impl\gkearhs.cpp(76): warning C4244: “=”: 从“double”转换到“float”，可能丢失数据
     1>e:\projects\lc_ahrs\madgwickahrs_impl\madgwickahrs_impl\gkearhs.cpp(78): warning C4244: “=”: 从“double”转换到“float”，可能丢失数据
     1>e:\projects\lc_ahrs\madgwickahrs_impl\madgwickahrs_impl\gkearhs.cpp(102): warning C4244: “=”: 从“double”转换到“float”，可能丢失数据
         AHRS.cpp
     1>e:\projects\lc_ahrs\madgwickahrs_impl\madgwickahrs_impl\quaternion.h(2): warning C4005: “OS_EXT”: 宏重定义
                 e:\projects\lc_ahrs\madgwickahrs_impl\madgwickahrs_impl\quaternion.h(4) : 参见“OS_EXT”的前一个定义
     1>e:\projects\lc_ahrs\madgwickahrs_impl\madgwickahrs_impl\ahrs.cpp(17): warning C4996: 'fopen': This function or variable may be unsafe. Consider using fopen_s instead. To disable deprecation, use _CRT_SECURE_NO_WARNINGS. See online help for details.
                 c:\program files\microsoft visual studio 11.0\vc\include\stdio.h(218) : 参见“fopen”的声明
     1>e:\projects\lc_ahrs\madgwickahrs_impl\madgwickahrs_impl\ahrs.cpp(19): warning C4996: 'fopen': This function or variable may be unsafe. Consider using fopen_s instead. To disable deprecation, use _CRT_SECURE_NO_WARNINGS. See online help for details.
                 c:\program files\microsoft visual studio 11.0\vc\include\stdio.h(218) : 参见“fopen”的声明
     1>e:\projects\lc_ahrs\madgwickahrs_impl\madgwickahrs_impl\ahrs.cpp(21): warning C4996: 'fopen': This function or variable may be unsafe. Consider using fopen_s instead. To disable deprecation, use _CRT_SECURE_NO_WARNINGS. See online help for details.
                 c:\program files\microsoft visual studio 11.0\vc\include\stdio.h(218) : 参见“fopen”的声明
     1>e:\projects\lc_ahrs\madgwickahrs_impl\madgwickahrs_impl\ahrs.cpp(29): warning C4996: 'fscanf': This function or variable may be unsafe. Consider using fscanf_s instead. To disable deprecation, use _CRT_SECURE_NO_WARNINGS. See online help for details.
                 c:\program files\microsoft visual studio 11.0\vc\include\stdio.h(237) : 参见“fscanf”的声明
     1>e:\projects\lc_ahrs\madgwickahrs_impl\madgwickahrs_impl\ahrs.cpp(42): warning C4244: “=”: 从“double”转换到“float”，可能丢失数据
     1>e:\projects\lc_ahrs\madgwickahrs_impl\madgwickahrs_impl\ahrs.cpp(43): warning C4244: “=”: 从“double”转换到“float”，可能丢失数据
     1>e:\projects\lc_ahrs\madgwickahrs_impl\madgwickahrs_impl\ahrs.cpp(44): warning C4244: “=”: 从“double”转换到“float”，可能丢失数据
         正在生成代码...
       Link:
         C:\Program Files\Microsoft Visual Studio 11.0\VC\bin\link.exe /ERRORREPORT:PROMPT /OUT:"E:\projects\LC_AHRS\MadgwickAHRS_Impl\Debug\MadgwickAHRS_Impl.exe" /INCREMENTAL /NOLOGO kernel32.lib user32.lib gdi32.lib winspool.lib comdlg32.lib advapi32.lib shell32.lib ole32.lib oleaut32.lib uuid.lib odbc32.lib odbccp32.lib /MANIFEST /MANIFESTUAC:"level='asInvoker' uiAccess='false'" /manifest:embed /DEBUG /PDB:"E:\projects\LC_AHRS\MadgwickAHRS_Impl\Debug\MadgwickAHRS_Impl.pdb" /TLBID:1 /DYNAMICBASE /NXCOMPAT /IMPLIB:"E:\projects\LC_AHRS\MadgwickAHRS_Impl\Debug\MadgwickAHRS_Impl.lib" /MACHINE:X86 Debug\AHRS.obj
         Debug\GKEARHS.obj
         Debug\MadgwickAHRS.obj
         Debug\madgwick_internal_report.obj
         MadgwickAHRS_Impl.vcxproj -> E:\projects\LC_AHRS\MadgwickAHRS_Impl\Debug\MadgwickAHRS_Impl.exe
     1>已完成生成项目“E:\projects\LC_AHRS\MadgwickAHRS_Impl\MadgwickAHRS_Impl\MadgwickAHRS_Impl.vcxproj”(Rebuild 个目标)的操作。

生成成功。

已用时间 00:00:01.82
