C:\USERS\HONGMING\DESKTOP\BSX\BXS_ANDROID\LIBALGOBSX\LIBALGOBSX\DEBUG\BSX_OBSERVERGYRO.OBJ
C:\USERS\HONGMING\DESKTOP\BSX\BXS_ANDROID\LIBALGOBSX\LIBALGOBSX\DEBUG\COMPASSCONFIG.OBJ
C:\USERS\HONGMING\DESKTOP\BSX\BXS_ANDROID\LIBALGOBSX\LIBALGOBSX\DEBUG\EKFBASEDCALIBRATION.OBJ
C:\USERS\HONGMING\DESKTOP\BSX\BXS_ANDROID\LIBALGOBSX\LIBALGOBSX\DEBUG\FILTERPARAMCONFIG.OBJ
C:\USERS\HONGMING\DESKTOP\BSX\BXS_ANDROID\LIBALGOBSX\LIBALGOBSX\DEBUG\FLIP_GESTURE.OBJ
C:\USERS\HONGMING\DESKTOP\BSX\BXS_ANDROID\LIBALGOBSX\LIBALGOBSX\DEBUG\GENERICACCSPEC.OBJ
C:\USERS\HONGMING\DESKTOP\BSX\BXS_ANDROID\LIBALGOBSX\LIBALGOBSX\DEBUG\GENERICCLOCKDOMAIN.OBJ
C:\USERS\HONGMING\DESKTOP\BSX\BXS_ANDROID\LIBALGOBSX\LIBALGOBSX\DEBUG\GENERICGYROSPEC.OBJ
C:\USERS\HONGMING\DESKTOP\BSX\BXS_ANDROID\LIBALGOBSX\LIBALGOBSX\DEBUG\GENERICMAGSPEC.OBJ
C:\USERS\HONGMING\DESKTOP\BSX\BXS_ANDROID\LIBALGOBSX\LIBALGOBSX\DEBUG\GYROCALBRATION.OBJ
C:\USERS\HONGMING\DESKTOP\BSX\BXS_ANDROID\LIBALGOBSX\LIBALGOBSX\DEBUG\GYROCALIBCONFIG.OBJ
C:\USERS\HONGMING\DESKTOP\BSX\BXS_ANDROID\LIBALGOBSX\LIBALGOBSX\DEBUG\GYROCONFIG.OBJ
C:\USERS\HONGMING\DESKTOP\BSX\BXS_ANDROID\LIBALGOBSX\LIBALGOBSX\DEBUG\INVSQRT.OBJ
C:\USERS\HONGMING\DESKTOP\BSX\BXS_ANDROID\LIBALGOBSX\LIBALGOBSX\DEBUG\MAGCALIBCONFIG.OBJ
C:\USERS\HONGMING\DESKTOP\BSX\BXS_ANDROID\LIBALGOBSX\LIBALGOBSX\DEBUG\MAGCONFIG.OBJ
C:\USERS\HONGMING\DESKTOP\BSX\BXS_ANDROID\LIBALGOBSX\LIBALGOBSX\DEBUG\MATHOPERATIONS.OBJ
C:\USERS\HONGMING\DESKTOP\BSX\BXS_ANDROID\LIBALGOBSX\LIBALGOBSX\DEBUG\MATRIXOPERATIONS.OBJ
C:\USERS\HONGMING\DESKTOP\BSX\BXS_ANDROID\LIBALGOBSX\LIBALGOBSX\DEBUG\ORIENTMATH.OBJ
C:\USERS\HONGMING\DESKTOP\BSX\BXS_ANDROID\LIBALGOBSX\LIBALGOBSX\DEBUG\SIGNIFICANTMOTION.OBJ
C:\USERS\HONGMING\DESKTOP\BSX\BXS_ANDROID\LIBALGOBSX\LIBALGOBSX\DEBUG\THREECHANNELIIR1ORD.OBJ
C:\USERS\HONGMING\DESKTOP\BSX\BXS_ANDROID\LIBALGOBSX\LIBALGOBSX\DEBUG\ACCCALIBCONFIG.OBJ
C:\USERS\HONGMING\DESKTOP\BSX\BXS_ANDROID\LIBALGOBSX\LIBALGOBSX\DEBUG\BMACONFIG.OBJ
C:\USERS\HONGMING\DESKTOP\BSX\BXS_ANDROID\LIBALGOBSX\LIBALGOBSX\DEBUG\BMGCONFIG.OBJ
C:\USERS\HONGMING\DESKTOP\BSX\BXS_ANDROID\LIBALGOBSX\LIBALGOBSX\DEBUG\BMMCONFIG.OBJ
C:\USERS\HONGMING\DESKTOP\BSX\BXS_ANDROID\LIBALGOBSX\LIBALGOBSX\DEBUG\BSXFUSIONLIBRARY.OBJ
C:\USERS\HONGMING\DESKTOP\BSX\BXS_ANDROID\LIBALGOBSX\LIBALGOBSX\DEBUG\BSXLIBRARYCONFIGURATION.OBJ
C:\USERS\HONGMING\DESKTOP\BSX\BXS_ANDROID\LIBALGOBSX\LIBALGOBSX\DEBUG\VC110.PDB
C:\USERS\HONGMING\DESKTOP\BSX\BXS_ANDROID\LIBALGOBSX\LIBALGOBSX\DEBUG\TEST.OBJ
C:\USERS\HONGMING\DESKTOP\BSX\BXS_ANDROID\LIBALGOBSX\DEBUG\LIBALGOBSX.ILK
C:\USERS\HONGMING\DESKTOP\BSX\BXS_ANDROID\LIBALGOBSX\DEBUG\LIBALGOBSX.EXE
C:\USERS\HONGMING\DESKTOP\BSX\BXS_ANDROID\LIBALGOBSX\DEBUG\LIBALGOBSX.PDB
C:\Users\hongming\Desktop\BSX\bxs_android\libalgobsx\libalgobsx\Debug\AccCalibConfig.obj
C:\Users\hongming\Desktop\BSX\bxs_android\libalgobsx\libalgobsx\Debug\BmaConfig.obj
C:\Users\hongming\Desktop\BSX\bxs_android\libalgobsx\libalgobsx\Debug\BmgConfig.obj
C:\Users\hongming\Desktop\BSX\bxs_android\libalgobsx\libalgobsx\Debug\BmmConfig.obj
C:\Users\hongming\Desktop\BSX\bxs_android\libalgobsx\libalgobsx\Debug\BsxFusionLibrary.obj
C:\Users\hongming\Desktop\BSX\bxs_android\libalgobsx\libalgobsx\Debug\BsxLibraryConfiguration.obj
C:\Users\hongming\Desktop\BSX\bxs_android\libalgobsx\libalgobsx\Debug\BSX_ObserverGyro.obj
C:\Users\hongming\Desktop\BSX\bxs_android\libalgobsx\libalgobsx\Debug\CompassConfig.obj
C:\Users\hongming\Desktop\BSX\bxs_android\libalgobsx\libalgobsx\Debug\EKFbasedCalibration.obj
C:\Users\hongming\Desktop\BSX\bxs_android\libalgobsx\libalgobsx\Debug\FilterParamConfig.obj
C:\Users\hongming\Desktop\BSX\bxs_android\libalgobsx\libalgobsx\Debug\flip_gesture.obj
C:\Users\hongming\Desktop\BSX\bxs_android\libalgobsx\libalgobsx\Debug\GenericAccSpec.obj
C:\Users\hongming\Desktop\BSX\bxs_android\libalgobsx\libalgobsx\Debug\GenericClockDomain.obj
C:\Users\hongming\Desktop\BSX\bxs_android\libalgobsx\libalgobsx\Debug\GenericGyroSpec.obj
C:\Users\hongming\Desktop\BSX\bxs_android\libalgobsx\libalgobsx\Debug\GenericMagSpec.obj
C:\Users\hongming\Desktop\BSX\bxs_android\libalgobsx\libalgobsx\Debug\GyroCalbration.obj
C:\Users\hongming\Desktop\BSX\bxs_android\libalgobsx\libalgobsx\Debug\GyroCalibConfig.obj
C:\Users\hongming\Desktop\BSX\bxs_android\libalgobsx\libalgobsx\Debug\GyroConfig.obj
C:\Users\hongming\Desktop\BSX\bxs_android\libalgobsx\libalgobsx\Debug\invSqrt.obj
C:\Users\hongming\Desktop\BSX\bxs_android\libalgobsx\libalgobsx\Debug\MagCalibConfig.obj
C:\Users\hongming\Desktop\BSX\bxs_android\libalgobsx\libalgobsx\Debug\MagConfig.obj
C:\Users\hongming\Desktop\BSX\bxs_android\libalgobsx\libalgobsx\Debug\MathOperations.obj
C:\Users\hongming\Desktop\BSX\bxs_android\libalgobsx\libalgobsx\Debug\MatrixOperations.obj
C:\Users\hongming\Desktop\BSX\bxs_android\libalgobsx\libalgobsx\Debug\OrientMath.obj
C:\Users\hongming\Desktop\BSX\bxs_android\libalgobsx\libalgobsx\Debug\SignificantMotion.obj
C:\Users\hongming\Desktop\BSX\bxs_android\libalgobsx\libalgobsx\Debug\test.obj
C:\Users\hongming\Desktop\BSX\bxs_android\libalgobsx\libalgobsx\Debug\ThreeChannelIIR1Ord.obj
C:\Users\hongming\Desktop\BSX\bxs_android\libalgobsx\libalgobsx\Debug\cl.command.1.tlog
C:\Users\hongming\Desktop\BSX\bxs_android\libalgobsx\libalgobsx\Debug\CL.read.1.tlog
C:\Users\hongming\Desktop\BSX\bxs_android\libalgobsx\libalgobsx\Debug\CL.write.1.tlog
C:\Users\hongming\Desktop\BSX\bxs_android\libalgobsx\libalgobsx\Debug\link-cvtres.read.1.tlog
C:\Users\hongming\Desktop\BSX\bxs_android\libalgobsx\libalgobsx\Debug\link-cvtres.write.1.tlog
C:\Users\hongming\Desktop\BSX\bxs_android\libalgobsx\libalgobsx\Debug\link-rc.read.1.tlog
C:\Users\hongming\Desktop\BSX\bxs_android\libalgobsx\libalgobsx\Debug\link-rc.write.1.tlog
C:\Users\hongming\Desktop\BSX\bxs_android\libalgobsx\libalgobsx\Debug\link.command.1.tlog
C:\Users\hongming\Desktop\BSX\bxs_android\libalgobsx\libalgobsx\Debug\link.read.1.tlog
C:\Users\hongming\Desktop\BSX\bxs_android\libalgobsx\libalgobsx\Debug\link.write.1.tlog
C:\Users\hongming\Desktop\BSX\bxs_android\libalgobsx\libalgobsx\Debug\vc110.idb
C:\Users\hongming\Desktop\BSX\bxs_android\libalgobsx\libalgobsx\Debug\vc110.pdb
C:\Users\hongming\Desktop\BSX\bxs_android\libalgobsx\Debug\libalgobsx.pdb
C:\Users\hongming\Desktop\BSX\bxs_android\libalgobsx\Debug\libalgobsx.exe
C:\Users\hongming\Desktop\BSX\bxs_android\libalgobsx\Debug\libalgobsx.ilk
